<?xml version="1.0" encoding="UTF-8"?>
<!-- Generated by org.testng.reporters.JUnitXMLReporter -->
<testsuite ignored="0" hostname="eat" failures="0" tests="5" name="Default test" time="1.207" errors="0" timestamp="2023-04-03T10:56:36 ICT">
  <testcase classname="DAO.ChuyenDeDAOTest" name="testDelete" time="0.856"/>
  <testcase classname="DAO.ChuyenDeDAOTest" name="testSelectAll" time="0.053"/>
  <testcase classname="DAO.ChuyenDeDAOTest" name="testInsert" time="0.069"/>
  <testcase classname="DAO.ChuyenDeDAOTest" name="testUpdate" time="0.096"/>
  <testcase classname="DAO.ChuyenDeDAOTest" name="testSelectById" time="0.03"/>
</testsuite> <!-- Default test -->
