<?xml version="1.0" encoding="UTF-8"?>
<testng-results ignored="0" total="5" passed="5" failed="0" skipped="0">
  <reporter-output>
  </reporter-output>
  <suite started-at="2023-04-03T10:56:35 ICT" name="Default suite" finished-at="2023-04-03T10:56:36 ICT" duration-ms="1207">
    <groups>
    </groups>
    <test started-at="2023-04-03T10:56:35 ICT" name="Default test" finished-at="2023-04-03T10:56:36 ICT" duration-ms="1207">
      <class name="DAO.ChuyenDeDAOTest">
        <test-method is-config="true" signature="setUp()[pri:0, instance:DAO.ChuyenDeDAOTest@5562c41e]" started-at="2023-04-03T10:56:35 ICT" name="setUp" finished-at="2023-04-03T10:56:35 ICT" duration-ms="20" status="PASS">
          <reporter-output>
          </reporter-output>
        </test-method> <!-- setUp -->
        <test-method signature="testDelete()[pri:0, instance:DAO.ChuyenDeDAOTest@5562c41e]" started-at="2023-04-03T10:56:35 ICT" name="testDelete" finished-at="2023-04-03T10:56:36 ICT" duration-ms="856" status="PASS">
          <reporter-output>
          </reporter-output>
        </test-method> <!-- testDelete -->
        <test-method signature="testSelectAll()[pri:0, instance:DAO.ChuyenDeDAOTest@5562c41e]" started-at="2023-04-03T10:56:36 ICT" name="testSelectAll" finished-at="2023-04-03T10:56:36 ICT" duration-ms="53" status="PASS">
          <reporter-output>
          </reporter-output>
        </test-method> <!-- testSelectAll -->
        <test-method signature="testInsert()[pri:1, instance:DAO.ChuyenDeDAOTest@5562c41e]" started-at="2023-04-03T10:56:36 ICT" name="testInsert" finished-at="2023-04-03T10:56:36 ICT" duration-ms="69" status="PASS">
          <reporter-output>
          </reporter-output>
        </test-method> <!-- testInsert -->
        <test-method signature="testUpdate()[pri:2, instance:DAO.ChuyenDeDAOTest@5562c41e]" started-at="2023-04-03T10:56:36 ICT" name="testUpdate" finished-at="2023-04-03T10:56:36 ICT" duration-ms="96" status="PASS">
          <reporter-output>
          </reporter-output>
        </test-method> <!-- testUpdate -->
        <test-method signature="testSelectById()[pri:3, instance:DAO.ChuyenDeDAOTest@5562c41e]" started-at="2023-04-03T10:56:36 ICT" name="testSelectById" finished-at="2023-04-03T10:56:36 ICT" duration-ms="30" status="PASS">
          <reporter-output>
          </reporter-output>
        </test-method> <!-- testSelectById -->
        <test-method is-config="true" signature="tearDown()[pri:0, instance:DAO.ChuyenDeDAOTest@5562c41e]" started-at="2023-04-03T10:56:36 ICT" name="tearDown" finished-at="2023-04-03T10:56:36 ICT" duration-ms="0" status="PASS">
          <reporter-output>
          </reporter-output>
        </test-method> <!-- tearDown -->
      </class> <!-- DAO.ChuyenDeDAOTest -->
    </test> <!-- Default test -->
  </suite> <!-- Default suite -->
</testng-results>
